<?xml version="1.0" encoding="UTF-8"?>
<!-- Generated by org.testng.reporters.JUnitReportReporter -->
<testsuite hostname="Ramandeeps-L" name="com.canvera.scripts.AutoPopUpTest2" tests="1" failures="0" timestamp="13 Aug 2017 16:22:07 GMT" time="57.993" errors="0">
  <testcase name="signInNormal" time="57.993" classname="com.canvera.scripts.AutoPopUpTest2"/>
</testsuite> <!-- com.canvera.scripts.AutoPopUpTest2 -->
