<?xml version="1.0" encoding="UTF-8"?>
<!-- Generated by org.testng.reporters.JUnitReportReporter -->
<testsuite hostname="Ramandeeps-L" name="com.canvera.scripts.AutoPopUpTest3" tests="1" failures="0" timestamp="14 Aug 2017 09:43:16 GMT" time="61.648" errors="0">
  <testcase name="signUpTest" time="61.648" classname="com.canvera.scripts.AutoPopUpTest3"/>
</testsuite> <!-- com.canvera.scripts.AutoPopUpTest3 -->
