<?xml version="1.0" encoding="UTF-8"?>
<!-- Generated by org.testng.reporters.JUnitReportReporter -->
<testsuite hostname="Ramandeeps-L" name="com.canvera.scripts.HomePageTest1" tests="1" failures="0" timestamp="17 Aug 2017 13:04:47 GMT" time="46.346" errors="0">
  <testcase name="verifyCanveraLogoHomePage" time="46.346" classname="com.canvera.scripts.HomePageTest1"/>
</testsuite> <!-- com.canvera.scripts.HomePageTest1 -->
