<?xml version="1.0" encoding="UTF-8"?>
<!-- Generated by org.testng.reporters.JUnitReportReporter -->
<testsuite hostname="Ramandeeps-L" name="com.canvera.scripts.AutoPopUpTest5" tests="1" failures="0" timestamp="16 Aug 2017 12:57:57 GMT" time="56.714" errors="0">
  <testcase name="GoogleSignIn" time="56.714" classname="com.canvera.scripts.AutoPopUpTest5"/>
</testsuite> <!-- com.canvera.scripts.AutoPopUpTest5 -->
