<?xml version="1.0" encoding="UTF-8"?>
<!-- Generated by org.testng.reporters.JUnitReportReporter -->
<testsuite hostname="Ramandeeps-L" name="com.canvera.scripts.AutoPopUpTest" tests="1" failures="0" timestamp="9 Aug 2017 12:00:23 GMT" time="45.734" errors="0">
  <testcase name="autoPopUpVerify" time="45.734" classname="com.canvera.scripts.AutoPopUpTest"/>
</testsuite> <!-- com.canvera.scripts.AutoPopUpTest -->
