<?xml version="1.0" encoding="UTF-8"?>
<!-- Generated by org.testng.reporters.JUnitReportReporter -->
<testsuite hostname="Ramandeeps-L" name="com.canvera.scripts.AutoPopUpTest6" tests="1" failures="0" timestamp="17 Aug 2017 09:54:22 GMT" time="55.177" errors="0">
  <testcase name="verifyGoogleSignUp" time="55.177" classname="com.canvera.scripts.AutoPopUpTest6"/>
</testsuite> <!-- com.canvera.scripts.AutoPopUpTest6 -->
