<?xml version="1.0" encoding="UTF-8"?>
<!-- Generated by org.testng.reporters.JUnitReportReporter -->
<testsuite hostname="Ramandeeps-L" name="com.canvera.scripts.AutoPopUpTest7" tests="1" failures="0" timestamp="17 Aug 2017 11:10:23 GMT" time="58.474" errors="0">
  <testcase name="verifyGoogleSignUp" time="58.474" classname="com.canvera.scripts.AutoPopUpTest7"/>
</testsuite> <!-- com.canvera.scripts.AutoPopUpTest7 -->
