<?xml version="1.0" encoding="UTF-8"?>
<!-- Generated by org.testng.reporters.JUnitReportReporter -->
<testsuite hostname="Ramandeeps-L" name="com.canvera.scripts.AutoPopUpTest1" tests="1" failures="0" timestamp="17 Aug 2017 10:05:08 GMT" time="44.475" errors="0">
  <testcase name="autoPopUpVerify" time="44.475" classname="com.canvera.scripts.AutoPopUpTest1"/>
</testsuite> <!-- com.canvera.scripts.AutoPopUpTest1 -->
