<?xml version="1.0" encoding="UTF-8"?>
<!-- Generated by org.testng.reporters.JUnitReportReporter -->
<testsuite hostname="Ramandeeps-L" name="com.canvera.scripts.AutoPopUpTest4" tests="1" failures="0" timestamp="16 Aug 2017 11:21:47 GMT" time="56.637" errors="0">
  <testcase name="FacebookSignIn" time="56.637" classname="com.canvera.scripts.AutoPopUpTest4"/>
</testsuite> <!-- com.canvera.scripts.AutoPopUpTest4 -->
